[ERROR Apr 16 16:15:56.245745700, defaults.go:139] Could not load configuration: Failed to load configuration.

Stacktrace: D:/a/cli/cli/internal/logging/logging.go:github.com/ActiveState/cli/internal/logging.Error:258
D:/a/cli/cli/internal/logging/defaults.go:github.com/ActiveState/cli/internal/logging.init.0:139
C:/hostedtoolcache/windows/go/1.15.11/x64/src/runtime/proc.go:runtime.doInit:5652
C:/hostedtoolcache/windows/go/1.15.11/x64/src/runtime/proc.go:runtime.doInit:5647
C:/hostedtoolcache/windows/go/1.15.11/x64/src/runtime/proc.go:runtime.doInit:5647
C:/hostedtoolcache/windows/go/1.15.11/x64/src/runtime/proc.go:runtime.main:191
C:/hostedtoolcache/windows/go/1.15.11/x64/src/runtime/asm_amd64.s:runtime.goexit:1374

[DEBUG Apr 16 16:15:56.249744200, locale.go:34] Init
[DEBUG Apr 16 16:15:56.453842900, secrets.go:35] Gcloud Secretmanager failed to initialize (ignore if you're not trying to use gcloud): google: could not find default credentials. See https://developers.google.com/accounts/docs/application-default-credentials for more information.
[DEBUG Apr 16 16:15:56.463660500, output.go:52] Requested outputer for editor
[DEBUG Apr 16 16:15:56.463660500, output.go:69] Using Editor outputer
[DEBUG Apr 16 16:15:56.463660500, main.go:112] ConfigPath: C:\Users\Lucas\AppData\Roaming\activestate\cli-release
[DEBUG Apr 16 16:15:56.463660500, main.go:113] CachePath: C:\Users\Lucas\AppData\Local\activestate
[DEBUG Apr 16 16:15:56.464661200, subshell.go:87] Detected SHELL: C:\Windows\system32\cmd.exe
[DEBUG Apr 16 16:15:56.464661200, subshell.go:122] Using binary: C:\Windows\system32\cmd.exe
[DEBUG Apr 16 16:15:56.466659800, secrets.go:61] secrets-api scheme=https host=platform.activestate.com base_path=/api/secrets/v1
[DEBUG Apr 16 16:15:56.468659200, secrets.go:61] secrets-api scheme=https host=platform.activestate.com base_path=/api/secrets/v1
[DEBUG Apr 16 16:15:56.469657500, check.go:35] Checking for updates.
[DEBUG Apr 16 16:15:56.469657500, updater.go:270] Fetching update URL: https://state-tool.s3.amazonaws.com/update/state/release/windows-amd64.json
[DEBUG Apr 16 16:15:57.046866500, check.go:59] No update available.
[DEBUG Apr 16 16:15:57.047865900, deprecation.go:198] Using cached deprecation information
[DEBUG Apr 16 16:15:57.064853400, cmdcall.go:47] cmdcall
[DEBUG Apr 16 16:15:57.064853400, analytics.go:245] Sending S3 pixel event with: run-command, show, 
[DEBUG Apr 16 16:15:57.064853400, analytics.go:222] Sending Google Analytics event with: run-command, show, 
[DEBUG Apr 16 16:15:57.064853400, show.go:131] Execute show
[DEBUG Apr 16 16:15:57.064853400, analytics.go:263] Using S3 pixel URL: %!(EXTRA string=https://state-tool.s3.amazonaws.com/pixel?x-action=show&x-category=run-command&x-custom10=&x-custom2=0.27.1-SHA26de872&x-custom3=release&x-custom4=&x-custom5=editor&x-custom6=Windows&x-custom7=10.0.19041&x-custom8=&x-custom9=f9096213-e543-4aa6-8169-d8f17c20c24d&x-label=)
[DEBUG Apr 16 16:15:57.064853400, analytics.go:245] Sending S3 pixel event with: command-exit, show, 1
[DEBUG Apr 16 16:15:57.064853400, analytics.go:263] Using S3 pixel URL: %!(EXTRA string=https://state-tool.s3.amazonaws.com/pixel?x-action=show&x-category=command-exit&x-custom10=&x-custom2=0.27.1-SHA26de872&x-custom3=release&x-custom4=&x-custom5=editor&x-custom6=Windows&x-custom7=10.0.19041&x-custom8=&x-custom9=f9096213-e543-4aa6-8169-d8f17c20c24d&x-label=1)
[DEBUG Apr 16 16:15:57.064853400, analytics.go:222] Sending Google Analytics event with: command-exit, show, 1
[DEBUG Apr 16 16:15:57.373935500, errors.go:90] Returning input error:
To run this command you need to be in an existing project. You can create a new project with [ACTIONABLE]state init[/RESET] or run this command from a directory that is in an existing project. You can also mark a project as the default to use by running [ACTIONABLE]`state activate --default`[/RESET] inside your project directory.
Created at:
D:/a/cli/cli/internal/runners/show/show.go:github.com/ActiveState/cli/internal/runners/show.(*Show).Run:164
D:/a/cli/cli/cmd/state/internal/cmdtree/show.go:github.com/ActiveState/cli/cmd/state/internal/cmdtree.newShowCommand.func1:30
D:/a/cli/cli/cmd/state/internal/cmdtree/cmdtree.go:github.com/ActiveState/cli/cmd/state/internal/cmdtree.interceptAddHeadlessNotify.func1.1:329
D:/a/cli/cli/cmd/state/internal/cmdtree/intercepts/cmdcall/cmdcall.go:github.com/ActiveState/cli/cmd/state/internal/cmdtree/intercepts/cmdcall.(*CmdCall).InterceptExec.func1:33
D:/a/cli/cli/internal/captain/command.go:github.com/ActiveState/cli/internal/captain.(*Command).runner.func1:531
D:/a/cli/cli/internal/sighandler/awaiting.go:github.com/ActiveState/cli/internal/sighandler.(*sigHandler).WaitForFunc.func1:46
C:/hostedtoolcache/windows/go/1.15.11/x64/src/runtime/asm_amd64.s:runtime.goexit:1374
